
	*** Measured Times for rank 2 on Host talos ***
Total execution time: 7483558 ms
Average time for training: 50245.7 ms
Average time for prediction: 22.5049 ms
Average time for errors: -nan ms

test successful!

	*** Settings: ***
Settings File:			.rvmsettings.cfg
Input File:			../Data/InputFiles/soccer_256-256-256.txt
Signal Dimensions:		256 256 256
Output Directory:		/local/data/public/ba308/ResultsDump/
Output Name:			soccer_large_2
Block Dimensions:		16 16 16
Simulating Corruption:		yes
Sensor Mode:			mask
Percentage:			30
Mask Mode:			uniform
Mask Fill:			yes
Signal Basis Mode:		dct
RVM std deviation:		1
RVM delta ML threshold:		1
Compute PSNR:			yes
RNG Seed:			1472713936	(default: current time)
Converting to media:		yes
Frame Rate:			25

Print to log file:		yes
Log file:			../Data/ResultsDump/soccer_large_2.log
FLS file:			.rvmsettings.fls
Number of Processes:		40

	*** Start Reconstruction ***
Block (1,1,1)   	of	(16,16,16)	...............................................
Block (1,1,6)   	of	(16,16,16)	..........................................................
Block (1,1,11)   	of	(16,16,16)	............................................................................
Block (1,1,16)   	of	(16,16,16)	....................................................................
Block (1,9,3)   	of	(16,16,16)	.........................................................
Block (1,9,8)   	of	(16,16,16)	.......................................
Block (1,9,13)   	of	(16,16,16)	............................................................
Block (2,1,5)   	of	(16,16,16)	...................................................
Block (2,1,10)   	of	(16,16,16)	.....................................................................
Block (2,1,15)   	of	(16,16,16)	......................................................
Block (2,9,2)   	of	(16,16,16)	.................................................
Block (2,9,7)   	of	(16,16,16)	....................................................
Block (2,9,12)   	of	(16,16,16)	................................................................
Block (3,1,4)   	of	(16,16,16)	..................................................
Block (3,1,9)   	of	(16,16,16)	................................................................
Block (3,1,14)   	of	(16,16,16)	...............................................................
Block (3,9,1)   	of	(16,16,16)	...........................................
Block (3,9,6)   	of	(16,16,16)	.........................................................
Block (3,9,11)   	of	(16,16,16)	........................................................................
Block (3,9,16)   	of	(16,16,16)	.............................................................................
Block (4,1,3)   	of	(16,16,16)	...............................................................
Block (4,1,8)   	of	(16,16,16)	..................................................................
Block (4,1,13)   	of	(16,16,16)	..........................................................................
Block (4,9,5)   	of	(16,16,16)	.................................................
Block (4,9,10)   	of	(16,16,16)	..................................................................
Block (4,9,15)   	of	(16,16,16)	....................................................................
Block (5,1,2)   	of	(16,16,16)	........................................................................
Block (5,1,7)   	of	(16,16,16)	................................................................
Block (5,1,12)   	of	(16,16,16)	..............................................................................
Block (5,9,4)   	of	(16,16,16)	.............................................................
Block (5,9,9)   	of	(16,16,16)	............................................................
Block (5,9,14)   	of	(16,16,16)	...........................................................................
Block (6,1,1)   	of	(16,16,16)	.........................................................................
Block (6,1,6)   	of	(16,16,16)	.........................................................
Block (6,1,11)   	of	(16,16,16)	...........................................................................
Block (6,1,16)   	of	(16,16,16)	...........................................................
Block (6,9,3)   	of	(16,16,16)	......................................................................
Block (6,9,8)   	of	(16,16,16)	................................................................
Block (6,9,13)   	of	(16,16,16)	........................................................................
Block (7,1,5)   	of	(16,16,16)	.........................................................................
Block (7,1,10)   	of	(16,16,16)	........................................................................
Block (7,1,15)   	of	(16,16,16)	..........................................................
Block (7,9,2)   	of	(16,16,16)	............................................................................
Block (7,9,7)   	of	(16,16,16)	................................................................
Block (7,9,12)   	of	(16,16,16)	.........................................................................
Block (8,1,4)   	of	(16,16,16)	.......................................................................
Block (8,1,9)   	of	(16,16,16)	...........................................................................
Block (8,1,14)   	of	(16,16,16)	.................................................
Block (8,9,1)   	of	(16,16,16)	.....................................................................
Block (8,9,6)   	of	(16,16,16)	.............
Block (8,9,11)   	of	(16,16,16)	....................................................................
Block (8,9,16)   	of	(16,16,16)	.........................................................................
Block (9,1,3)   	of	(16,16,16)	...................................................................................
Block (9,1,8)   	of	(16,16,16)	......................................................................
Block (9,1,13)   	of	(16,16,16)	.......................................................................
Block (9,9,5)   	of	(16,16,16)	.........................................................
Block (9,9,10)   	of	(16,16,16)	.....................................................................
Block (9,9,15)   	of	(16,16,16)	...................................................................
Block (10,1,2)   	of	(16,16,16)	............................................................................
Block (10,1,7)   	of	(16,16,16)	................................................................
Block (10,1,12)   	of	(16,16,16)	...........................................................................
Block (10,9,4)   	of	(16,16,16)	..................................................................
Block (10,9,9)   	of	(16,16,16)	.......................................................................
Block (10,9,14)   	of	(16,16,16)	.....................................................................
Block (11,1,1)   	of	(16,16,16)	..........................................................................
Block (11,1,6)   	of	(16,16,16)	........................................................
Block (11,1,11)   	of	(16,16,16)	...........................................................................
Block (11,1,16)   	of	(16,16,16)	.........................................................
Block (11,9,3)   	of	(16,16,16)	................................................................
Block (11,9,8)   	of	(16,16,16)	................................................
Block (11,9,13)   	of	(16,16,16)	...............................................................
Block (12,1,5)   	of	(16,16,16)	..........................................................................
Block (12,1,10)   	of	(16,16,16)	........................................................................
Block (12,1,15)   	of	(16,16,16)	..........................................................
Block (12,9,2)   	of	(16,16,16)	..............................................................
Block (12,9,7)   	of	(16,16,16)	...................................................
Block (12,9,12)   	of	(16,16,16)	.....................................................
Block (13,1,4)   	of	(16,16,16)	............................................................................
Block (13,1,9)   	of	(16,16,16)	......................................................................
Block (13,1,14)   	of	(16,16,16)	....................................................
Block (13,9,1)   	of	(16,16,16)	.......................................................................
Block (13,9,6)   	of	(16,16,16)	..........................................................
Block (13,9,11)   	of	(16,16,16)	.................................................................
Block (13,9,16)   	of	(16,16,16)	...........................................................
Block (14,1,3)   	of	(16,16,16)	...............................................................................
Block (14,1,8)   	of	(16,16,16)	.................................................................
Block (14,1,13)   	of	(16,16,16)	...................................................................
Block (14,9,5)   	of	(16,16,16)	...........................................................
Block (14,9,10)   	of	(16,16,16)	.................................................................
Block (14,9,15)   	of	(16,16,16)	.......................................................
Block (15,1,2)   	of	(16,16,16)	..........................................................
Block (15,1,7)   	of	(16,16,16)	...................................................
Block (15,1,12)   	of	(16,16,16)	..........................................................
Block (15,9,4)   	of	(16,16,16)	..........................................................
Block (15,9,9)   	of	(16,16,16)	........................................
Block (15,9,14)   	of	(16,16,16)	......................................................
Block (16,1,1)   	of	(16,16,16)	.................................................................
Block (16,1,6)   	of	(16,16,16)	.................................................................
Block (16,1,11)   	of	(16,16,16)	................................................................
Block (16,1,16)   	of	(16,16,16)	.............................................................
Block (16,9,3)   	of	(16,16,16)	.............................................................
Block (16,9,8)   	of	(16,16,16)	..............................................
Block (16,9,13)   	of	(16,16,16)	..............................................................

	 *** Output Files ***
Relevant file names for interfacing with Matlab have been saved in:	.rvmsettings.fls

Original signal file:			../Data/InputFiles/soccer_256-256-256.txt
Masked signal saved at:			/local/data/public/ba308/ResultsDump/soccer_large_2_MASKED.txt
Mask saved at:			/local/data/public/ba308/ResultsDump/soccer_large_2_MASK.txt
Measurements saved at:			/local/data/public/ba308/ResultsDump/soccer_large_2_MEASUREMENTS.txt
Recovered Signal (scale 1) saved at:	/local/data/public/ba308/ResultsDump/soccer_large_2_RECOVERED_1_OF_1.txt





%%%%%%%%%%%%%%%%%%%%%%%%%%%%%%%%%%%%%%%%%%%%%%%%%%%%%%%%%
%%%%%%%%%%%%%%% Accuracy of Reconstruction %%%%%%%%%%%%%%

Scale 1:  MSE  = 193.618
	  PSNR = 25.2613
	  RRE  = 0.0952884

%%%%%%%%%%%%%%%%%%%%%%%%%%%%%%%%%%%%%%%%%%%%%%%%%%%%%%%%%
%%%%%%%%%%%%%%%%%%%%%%%%%%%%%%%%%%%%%%%%%%%%%%%%%%%%%%%%%





	*** Measured Times for rank 0 on Host talos ***
Total execution time: 7483558 ms
Average time for training: 50344.3 ms
Average time for prediction: 23.0291 ms
Average time for errors: -nan ms


	*** Open Matlab for converting output to media format ***

                            < M A T L A B (R) >
                  Copyright 1984-2015 The MathWorks, Inc.
                   R2015a (8.5.0.197613) 64-bit (glnxa64)
                             February 12, 2015

 
To get started, type one of these: helpwin, helpdesk, or demo.
For product information, visit www.mathworks.com.
 

	Academic License

Converting   original ...
Converting   masked ...
Converting   measurements ...
Converting   recovered_1 ...
Media output saved in directory:        /local/data/public/ba308/ResultsDump/
