
	*** Measured Times for rank 2 on Host talos ***
Total execution time: 136496 ms
Average time for training: 241.48 ms
Average time for prediction: 0.365497 ms
Average time for errors: 35.9825 ms


File:			../Data/InputFiles/foreman_128-128-64.txt
Signal Dimensions:		128 128 64
Output Directory:		/local/data/public/ba308/ResultsDump/
Output Name:			foreman40
Block Dimensions:		8 8 8
Simulating Corruption:		yes
Sensor Mode:			mask
Percentage:			40
Mask Mode:			horizontalFlicker
Mask Fill:			yes
Signal Basis Mode:		haar
Signal Basis Start Scale:	1
Signal Basis End Scale:		3
RVM std deviation:		1
RVM delta ML threshold:		1
Compute PSNR:			yes
RNG Seed:			1472562535	(default: current time)
Converting to media:		yes
Frame Rate:			20

Print to log file:		yes
Log file:			../Data/ResultsDump/foreman40.log
FLS file:			foreman40.fls
Number of Process:		18

	*** Start Reconstruction ***
Block (1,1,1)   	of	(16,16,8)	................
						...............
						...............
Block (1,3,5)   	of	(16,16,8)	...........
						...........
						..........
Block (1,7,4)   	of	(16,16,8)	.........
						........
						........
Block (1,9,8)   	of	(16,16,8)	................
						................
						................
Block (1,11,3)   	of	(16,16,8)	...................
						...................
						...................
Block (1,13,7)   	of	(16,16,8)	..............
						..............
						..............
Block (1,15,2)   	of	(16,16,8)	..............
						.............
						.............
Block (2,1,6)   	of	(16,16,8)	.........
						........
						........
Block (2,3,1)   	of	(16,16,8)	..........
						.........
						.........
Block (2,5,5)   	of	(16,16,8)	........
						.....
						.....
Block (2,9,4)   	of	(16,16,8)	....................
						...................
						...................
Block (2,11,8)   	of	(16,16,8)	.......
						......
						.....
Block (2,13,3)   	of	(16,16,8)	................
						...............
						...............
Block (2,15,7)   	of	(16,16,8)	.............
						............
						............
Block (3,1,2)   	of	(16,16,8)	..............
						.............
						.............
Block (3,3,6)   	of	(16,16,8)	......
						...
						...
Block (3,5,1)   	of	(16,16,8)	.......
						.....
						.....
Block (3,7,5)   	of	(16,16,8)	......
						.
						.
Block (3,11,4)   	of	(16,16,8)	............
						...........
						..........
Block (3,13,8)   	of	(16,16,8)	................
						...............
						...............
Block (3,15,3)   	of	(16,16,8)	..........
						..........
						..........
Block (4,1,7)   	of	(16,16,8)	........
						......
						......
Block (4,3,2)   	of	(16,16,8)	.......
						....
						....
Block (4,5,6)   	of	(16,16,8)	........
						......
						......
Block (4,7,1)   	of	(16,16,8)	.....
						..
						..
Block (4,9,5)   	of	(16,16,8)	.....
						..
						..
Block (4,13,4)   	of	(16,16,8)	..........
						..........
						..........
Block (4,15,8)   	of	(16,16,8)	..............
						.............
						.............
Block (5,1,3)   	of	(16,16,8)	...........
						.........
						.........
Block (5,3,7)   	of	(16,16,8)	.......
						.....
						.....
Block (5,5,2)   	of	(16,16,8)	............
						...........
						...........
Block (5,7,6)   	of	(16,16,8)	......
						.
						.
Block (5,9,1)   	of	(16,16,8)	.........
						........
						........
Block (5,11,5)   	of	(16,16,8)	........
						.......
						.......
Block (5,15,4)   	of	(16,16,8)	..........
						.........
						.........
Block (6,1,8)   	of	(16,16,8)	...........
						.........
						.........
Block (6,3,3)   	of	(16,16,8)	.......
						.....
						.....
Block (6,5,7)   	of	(16,16,8)	...............
						...............
						...............
Block (6,7,2)   	of	(16,16,8)	..............
						..............
						..............
Block (6,9,6)   	of	(16,16,8)	..............
						..............
						..............
Block (6,11,1)   	of	(16,16,8)	...............
						...............
						...............
Block (6,13,5)   	of	(16,16,8)	.................
						.................
						.................
Block (7,1,4)   	of	(16,16,8)	.........
						........
						.......
Block (7,3,8)   	of	(16,16,8)	...........
						...........
						...........
Block (7,5,3)   	of	(16,16,8)	.............
						............
						............
Block (7,7,7)   	of	(16,16,8)	............
						...........
						...........
Block (7,9,2)   	of	(16,16,8)	..............
						.............
						.............
Block (7,11,6)   	of	(16,16,8)	.....................
						....................
						....................
Block (7,13,1)   	of	(16,16,8)	.....................
						.....................
						.....................
Block (7,15,5)   	of	(16,16,8)	........
						.......
						.......
Block (8,3,4)   	of	(16,16,8)	............
						...........
						...........
Block (8,5,8)   	of	(16,16,8)	...........
						.........
						.........
Block (8,7,3)   	of	(16,16,8)	.................
						................
						................
Block (8,9,7)   	of	(16,16,8)	...................
						...................
						...................
Block (8,11,2)   	of	(16,16,8)	..........
						..........
						..........
Block (8,13,6)   	of	(16,16,8)	...........
						..........
						..........
Block (8,15,1)   	of	(16,16,8)	.......
						.....
						.....
Block (9,1,5)   	of	(16,16,8)	..........
						.........
						........
Block (9,5,4)   	of	(16,16,8)	...........
						...........
						...........
Block (9,7,8)   	of	(16,16,8)	...........
						..........
						..........
Block (9,9,3)   	of	(16,16,8)	................
						................
						................
Block (9,11,7)   	of	(16,16,8)	................
						...............
						...............
Block (9,13,2)   	of	(16,16,8)	............
						..........
						..........
Block (9,15,6)   	of	(16,16,8)	.......
						.....
						.....
Block (10,1,1)   	of	(16,16,8)	.............
						...........
						...........
Block (10,3,5)   	of	(16,16,8)	.............
						............
						............
Block (10,7,4)   	of	(16,16,8)	..........
						.........
						.........
Block (10,9,8)   	of	(16,16,8)	................
						................
						................
Block (10,11,3)   	of	(16,16,8)	..............
						.............
						.............
Block (10,13,7)   	of	(16,16,8)	........
						.......
						.......
Block (10,15,2)   	of	(16,16,8)	......
						.....
						.....
Block (11,1,6)   	of	(16,16,8)	.........
						........
						........
Block (11,3,1)   	of	(16,16,8)	............
						............
						............
Block (11,5,5)   	of	(16,16,8)	............
						...........
						...........
Block (11,9,4)   	of	(16,16,8)	....................
						....................
						....................
Block (11,11,8)   	of	(16,16,8)	................
						................
						................
Block (11,13,3)   	of	(16,16,8)	..........
						........
						........
Block (11,15,7)   	of	(16,16,8)	.............
						.............
						.............
Block (12,1,2)   	of	(16,16,8)	............
						...........
						..........
Block (12,3,6)   	of	(16,16,8)	.........
						........
						.......
Block (12,5,1)   	of	(16,16,8)	..............
						.............
						.............
Block (12,7,5)   	of	(16,16,8)	....................
						....................
						....................
Block (12,11,4)   	of	(16,16,8)	..........
						........
						........
Block (12,13,8)   	of	(16,16,8)	.........
						........
						........
Block (12,15,3)   	of	(16,16,8)	.............
						.............
						.............
Block (13,1,7)   	of	(16,16,8)	..........
						.........
						.........
Block (13,3,2)   	of	(16,16,8)	..........
						........
						........
Block (13,5,6)   	of	(16,16,8)	.........
						.........
						.........
Block (13,7,1)   	of	(16,16,8)	................
						...............
						...............
Block (13,9,5)   	of	(16,16,8)	...............
						...............
						...............
Block (13,13,4)   	of	(16,16,8)	......
						.....
						.....
Block (13,15,8)   	of	(16,16,8)	..........
						..........
						.........
Block (14,1,3)   	of	(16,16,8)	.........
						........
						........
Block (14,3,7)   	of	(16,16,8)	.........
						.......
						.......
Block (14,5,2)   	of	(16,16,8)	.............
						............
						............
Block (14,7,6)   	of	(16,16,8)	..................
						..................
						..................
Block (14,9,1)   	of	(16,16,8)	..............
						..............
						..............
Block (14,11,5)   	of	(16,16,8)	.............
						.............
						.............
Block (14,15,4)   	of	(16,16,8)	............
						...........
						...........
Block (15,1,8)   	of	(16,16,8)	..........
						.........
						.........
Block (15,3,3)   	of	(16,16,8)	..........
						.........
						........
Block (15,5,7)   	of	(16,16,8)	...........
						...........
						...........
Block (15,7,2)   	of	(16,16,8)	..............
						..............
						..............
Block (15,9,6)   	of	(16,16,8)	................
						...............
						...............
Block (15,11,1)   	of	(16,16,8)	...............
						...............
						...............
Block (15,13,5)   	of	(16,16,8)	.............
						.............
						.............
Block (16,1,4)   	of	(16,16,8)	.............
						............
						............
Block (16,3,8)   	of	(16,16,8)	.............
						.............
						.............
Block (16,5,3)   	of	(16,16,8)	...............
						..............
						...............
Block (16,7,7)   	of	(16,16,8)	.................
						.................
						.................
Block (16,9,2)   	of	(16,16,8)	.....................
						.....................
						.....................
Block (16,11,6)   	of	(16,16,8)	....................
						...................
						...................
Block (16,13,1)   	of	(16,16,8)	...............
						...............
						...............
Block (16,15,5)   	of	(16,16,8)	................
						...............
						...............

	 *** Output Files ***
Relevant file names for interfacing with Matlab have been saved in:	foreman40.fls

Original signal file:			../Data/InputFiles/foreman_128-128-64.txt
Masked signal saved at:			/local/data/public/ba308/ResultsDump/foreman40_MASKED.txt
Mask saved at:			/local/data/public/ba308/ResultsDump/foreman40_MASK.txt
Measurements saved at:			/local/data/public/ba308/ResultsDump/foreman40_MEASUREMENTS.txt
Recovered Signal (scale 1) saved at:	/local/data/public/ba308/ResultsDump/foreman40_RECOVERED_1_OF_3.txt
Recovered Signal (scale 2) saved at:	/local/data/public/ba308/ResultsDump/foreman40_RECOVERED_2_OF_3.txt
Recovered Signal (scale 3) saved at:	/local/data/public/ba308/ResultsDump/foreman40_RECOVERED_3_OF_3.txt





%%%%%%%%%%%%%%%%%%%%%%%%%%%%%%%%%%%%%%%%%%%%%%%%%%%%%%%%%
%%%%%%%%%%%%%%% Accuracy of Reconstruction %%%%%%%%%%%%%%

Scale 1:  MSE  = 4334.27
	  PSNR = 11.7616
	  RRE  = 0.364646
Scale 2:  MSE  = 183.39
	  PSNR = 25.497
	  RRE  = 0.0750069
Scale 3:  MSE  = 183.388
	  PSNR = 25.4971
	  RRE  = 0.0750065

%%%%%%%%%%%%%%%%%%%%%%%%%%%%%%%%%%%%%%%%%%%%%%%%%%%%%%%%%
%%%%%%%%%%%%%%%%%%%%%%%%%%%%%%%%%%%%%%%%%%%%%%%%%%%%%%%%%





	*** Measured Times for rank 0 on Host talos ***
Total execution time: 136496 ms
Average time for training: 220.205 ms
Average time for prediction: 0.432749 ms
Average time for errors: 33.4825 ms


	*** Open Matlab for converting output to media format ***

                            < M A T L A B (R) >
                  Copyright 1984-2015 The MathWorks, Inc.
                   R2015a (8.5.0.197613) 64-bit (glnxa64)
                             February 12, 2015

 
To get started, type one of these: helpwin, helpdesk, or demo.
For product information, visit www.mathworks.com.
 

	Academic License

Converting   original ...
Converting   masked ...
Converting   measurements ...
Converting   recovered_1 ...
Converting   recovered_2 ...
Converting   recovered_3 ...
Media output saved in directory:        /local/data/public/ba308/ResultsDump/
